put 3 thisput 3 thisput 3 thisput 3 this Commit
put 2 hi Commit
get 1 Commit
put 3 this Commit
put 2 hi Commit
get 1 Commit
put 3 thisput 3 this Commit
put 2 hi Commit
get 1 Commit
put 3 this Commit
put 2 hi Commit
get 1 Commit
put 3 thisput 3 thisput 2 Testcase2 Commit
put 3 Testcase3 Commit
del 2del 2del 2del 2del 2 Abort
del 2 Abort
get 2del 2 Abort
get 2del 2 Abort
get 2del 2del 2 Commit
get 2 Commit
put 2 hidel 2 Commit
get 2 Commit
put 2 hidel 2 Commit
get 2 Commit
put 2 hidel 2 Commit
get 2 Commit
put 2 hi Commit
get 2 Commit
